<?xml version="1.0" encoding="UTF-8"?>
<testsuite xmlns:xsi="http://www.w3.org/2001/XMLSchema-instance" xsi:noNamespaceSchemaLocation="https://maven.apache.org/surefire/maven-surefire-plugin/xsd/surefire-test-report.xsd" name="com.wsie.lab.maven.lab.AppTest" time="0.029" tests="1" errors="0" skipped="0" failures="0">
  <properties>
    <property name="java.specification.version" value="13"/>
    <property name="sun.cpu.isalist" value="amd64"/>
    <property name="sun.jnu.encoding" value="Cp1252"/>
    <property name="java.class.path" value="C:\Users\rom42pla\eclipse-workspace\lab\target\test-classes;C:\Users\rom42pla\eclipse-workspace\lab\target\classes;C:\Users\rom42pla\.m2\repository\junit\junit\4.11\junit-4.11.jar;C:\Users\rom42pla\.m2\repository\org\hamcrest\hamcrest-core\1.3\hamcrest-core-1.3.jar;C:\Users\rom42pla\.m2\repository\org\apache\lucene\lucene-core\8.0.0\lucene-core-8.0.0.jar;C:\Users\rom42pla\.m2\repository\org\apache\lucene\lucene-queryparser\8.0.0\lucene-queryparser-8.0.0.jar;C:\Users\rom42pla\.m2\repository\org\apache\lucene\lucene-sandbox\8.0.0\lucene-sandbox-8.0.0.jar;C:\Users\rom42pla\.m2\repository\org\apache\lucene\lucene-queries\8.0.0\lucene-queries-8.0.0.jar;C:\Users\rom42pla\.m2\repository\org\apache\lucene\lucene-analyzers-common\8.0.0\lucene-analyzers-common-8.0.0.jar;C:\Users\rom42pla\.m2\repository\com\googlecode\json-simple\json-simple\1.1.1\json-simple-1.1.1.jar;"/>
    <property name="java.vm.vendor" value="Oracle Corporation"/>
    <property name="sun.arch.data.model" value="64"/>
    <property name="user.variant" value=""/>
    <property name="java.vendor.url" value="https://java.oracle.com/"/>
    <property name="user.timezone" value="Europe/Rome"/>
    <property name="os.name" value="Windows 10"/>
    <property name="java.vm.specification.version" value="13"/>
    <property name="sun.java.launcher" value="SUN_STANDARD"/>
    <property name="user.country" value="US"/>
    <property name="sun.boot.library.path" value="C:\Program Files\Java\jdk-13.0.1\bin"/>
    <property name="sun.java.command" value="C:\Users\rom42pla\AppData\Local\Temp\surefire18098265339818354754\surefirebooter1563206793046158414.jar C:\Users\rom42pla\AppData\Local\Temp\surefire18098265339818354754 2020-03-16T17-49-26_785-jvmRun1 surefire14682890956889702657tmp surefire_06593912803825070525tmp"/>
    <property name="jdk.debug" value="release"/>
    <property name="surefire.test.class.path" value="C:\Users\rom42pla\eclipse-workspace\lab\target\test-classes;C:\Users\rom42pla\eclipse-workspace\lab\target\classes;C:\Users\rom42pla\.m2\repository\junit\junit\4.11\junit-4.11.jar;C:\Users\rom42pla\.m2\repository\org\hamcrest\hamcrest-core\1.3\hamcrest-core-1.3.jar;C:\Users\rom42pla\.m2\repository\org\apache\lucene\lucene-core\8.0.0\lucene-core-8.0.0.jar;C:\Users\rom42pla\.m2\repository\org\apache\lucene\lucene-queryparser\8.0.0\lucene-queryparser-8.0.0.jar;C:\Users\rom42pla\.m2\repository\org\apache\lucene\lucene-sandbox\8.0.0\lucene-sandbox-8.0.0.jar;C:\Users\rom42pla\.m2\repository\org\apache\lucene\lucene-queries\8.0.0\lucene-queries-8.0.0.jar;C:\Users\rom42pla\.m2\repository\org\apache\lucene\lucene-analyzers-common\8.0.0\lucene-analyzers-common-8.0.0.jar;C:\Users\rom42pla\.m2\repository\com\googlecode\json-simple\json-simple\1.1.1\json-simple-1.1.1.jar;"/>
    <property name="sun.cpu.endian" value="little"/>
    <property name="user.home" value="C:\Users\rom42pla"/>
    <property name="user.language" value="en"/>
    <property name="java.specification.vendor" value="Oracle Corporation"/>
    <property name="java.version.date" value="2019-10-15"/>
    <property name="java.home" value="C:\Program Files\Java\jdk-13.0.1"/>
    <property name="file.separator" value="\"/>
    <property name="basedir" value="C:\Users\rom42pla\eclipse-workspace\lab"/>
    <property name="java.vm.compressedOopsMode" value="Zero based"/>
    <property name="line.separator" value="&#10;"/>
    <property name="java.vm.specification.vendor" value="Oracle Corporation"/>
    <property name="java.specification.name" value="Java Platform API Specification"/>
    <property name="surefire.real.class.path" value="C:\Users\rom42pla\AppData\Local\Temp\surefire18098265339818354754\surefirebooter1563206793046158414.jar"/>
    <property name="user.script" value=""/>
    <property name="sun.management.compiler" value="HotSpot 64-Bit Tiered Compilers"/>
    <property name="java.runtime.version" value="13.0.1+9"/>
    <property name="user.name" value="rom42pla"/>
    <property name="path.separator" value=";"/>
    <property name="os.version" value="10.0"/>
    <property name="java.runtime.name" value="Java(TM) SE Runtime Environment"/>
    <property name="file.encoding" value="Cp1252"/>
    <property name="java.vm.name" value="Java HotSpot(TM) 64-Bit Server VM"/>
    <property name="localRepository" value="C:\Users\rom42pla\.m2\repository"/>
    <property name="java.vendor.url.bug" value="https://bugreport.java.com/bugreport/"/>
    <property name="java.io.tmpdir" value="C:\Users\rom42pla\AppData\Local\Temp\"/>
    <property name="java.version" value="13.0.1"/>
    <property name="user.dir" value="C:\Users\rom42pla\eclipse-workspace\lab"/>
    <property name="os.arch" value="amd64"/>
    <property name="java.vm.specification.name" value="Java Virtual Machine Specification"/>
    <property name="sun.os.patch.level" value=""/>
    <property name="java.library.path" value="C:\Program Files\Java\jdk-13.0.1\bin;C:\Windows\Sun\Java\bin;C:\Windows\system32;C:\Windows;C:/Program Files/Java/jdk-13.0.1/bin/server;C:/Program Files/Java/jdk-13.0.1/bin;H:\ProgramData\Anaconda2;H:\ProgramData\Anaconda2\Library\mingw-w64\bin;H:\ProgramData\Anaconda2\Library\usr\bin;H:\ProgramData\Anaconda2\Library\bin;H:\ProgramData\Anaconda2\Scripts;H:\Anaconda3;H:\Anaconda3\Library\mingw-w64\bin;H:\Anaconda3\Library\usr\bin;H:\Anaconda3\Library\bin;H:\Anaconda3\Scripts;C:\Windows\system32;C:\Windows;C:\Windows\System32\Wbem;C:\Windows\System32\WindowsPowerShell\v1.0\;C:\Windows\System32\OpenSSH\;C:\Program Files\NVIDIA Corporation\NVIDIA NvDLISR;C:\Program Files (x86)\NVIDIA Corporation\PhysX\Common;C:\Program Files\Java\jdk-13.0.1\bin;C:\spark\spark-3.0.0-preview-bin-hadoop2.7\bin;C:\Program Files\Git\cmd;C:\Program Files\dotnet\;C:\MiKTeX 2.9\miktex\bin\x64\;C:\Users\rom42pla\AppData\Local\Microsoft\WindowsApps;;C:\Users\rom42pla\AppData\Local\Programs\Microsoft VS Code\bin;C:\Program Files\JetBrains\PyCharm Community Edition 2019.3.2\bin;;C:\Users\rom42pla\Desktop;;."/>
    <property name="java.vm.info" value="mixed mode, sharing"/>
    <property name="java.vendor" value="Oracle Corporation"/>
    <property name="java.vm.version" value="13.0.1+9"/>
    <property name="sun.io.unicode.encoding" value="UnicodeLittle"/>
    <property name="java.class.version" value="57.0"/>
  </properties>
  <testcase name="shouldAnswerWithTrue" classname="com.wsie.lab.maven.lab.AppTest" time="0.001"/>
</testsuite>